2020-02-17 15:44:13,747  INFO [main] Base:44 - ===============Browser launched=============
2020-02-17 15:44:16,327  INFO [main] Base:63 - ===============actitime login page=============
2020-02-17 15:44:16,824  INFO [main] Base:67 - ===============ACTITIME OpenTask Page=============
2020-02-17 15:44:23,506  INFO [main] Base:29 - ===========CREATED CUSTOMER SUCCESSFULLY==============
2020-02-17 15:44:24,604  INFO [main] Base:73 - ============= logout successfull ============
2020-02-17 15:44:24,945  INFO [main] Base:63 - ===============actitime login page=============
2020-02-17 15:44:25,612  INFO [main] Base:67 - ===============ACTITIME OpenTask Page=============
2020-02-17 15:44:29,203  INFO [main] Base:32 - =================DELETED CUSTOMER SUCCESSFULLY=================
2020-02-17 15:44:30,589  INFO [main] Base:73 - ============= logout successfull ============
2020-02-17 15:44:32,702  INFO [main] Base:51 - ===============Browser closed=============
2020-02-17 15:44:32,862 DEBUG [main] cache:44 - Couldn't find template in cache for "v3html/v3-html-index.ftl"("en", UTF-8, parsed); will try to load it.
2020-02-17 15:44:32,867 DEBUG [main] cache:44 - TemplateLoader.findTemplateSource("v3html/v3-html-index_en.ftl"): Not found
2020-02-17 15:44:32,873 DEBUG [main] cache:44 - TemplateLoader.findTemplateSource("v3html/v3-html-index.ftl"): Found
2020-02-17 15:44:32,875 DEBUG [main] cache:44 - Loading template for "v3html/v3-html-index.ftl"("en", UTF-8, parsed) from "jar:file:/C:/Windows/system32/config/systemprofile/.m2/repository/com/aventstack/extentreports/4.0.9/extentreports-4.0.9.jar!/com/aventstack/extentreports/view/v3html/v3-html-index.ftl"
2020-02-17 15:44:33,471 DEBUG [main] cache:44 - Couldn't find template in cache for "v3html/v3-html-head.ftl"("en", UTF-8, parsed); will try to load it.
2020-02-17 15:44:33,473 DEBUG [main] cache:44 - TemplateLoader.findTemplateSource("v3html/v3-html-head_en.ftl"): Not found
2020-02-17 15:44:33,477 DEBUG [main] cache:44 - TemplateLoader.findTemplateSource("v3html/v3-html-head.ftl"): Found
2020-02-17 15:44:33,478 DEBUG [main] cache:44 - Loading template for "v3html/v3-html-head.ftl"("en", UTF-8, parsed) from "jar:file:/C:/Windows/system32/config/systemprofile/.m2/repository/com/aventstack/extentreports/4.0.9/extentreports-4.0.9.jar!/com/aventstack/extentreports/view/v3html/v3-html-head.ftl"
2020-02-17 15:44:33,485 DEBUG [main] cache:44 - Couldn't find template in cache for "v3html/v3-html-nav.ftl"("en", UTF-8, parsed); will try to load it.
2020-02-17 15:44:33,486 DEBUG [main] cache:44 - TemplateLoader.findTemplateSource("v3html/v3-html-nav_en.ftl"): Not found
2020-02-17 15:44:33,488 DEBUG [main] cache:44 - TemplateLoader.findTemplateSource("v3html/v3-html-nav.ftl"): Found
2020-02-17 15:44:33,489 DEBUG [main] cache:44 - Loading template for "v3html/v3-html-nav.ftl"("en", UTF-8, parsed) from "jar:file:/C:/Windows/system32/config/systemprofile/.m2/repository/com/aventstack/extentreports/4.0.9/extentreports-4.0.9.jar!/com/aventstack/extentreports/view/v3html/v3-html-nav.ftl"
2020-02-17 15:44:33,522 DEBUG [main] cache:44 - Couldn't find template in cache for "v3html/test-view/v3-html-test-view.ftl"("en", UTF-8, parsed); will try to load it.
2020-02-17 15:44:33,524 DEBUG [main] cache:44 - TemplateLoader.findTemplateSource("v3html/test-view/v3-html-test-view_en.ftl"): Not found
2020-02-17 15:44:33,526 DEBUG [main] cache:44 - TemplateLoader.findTemplateSource("v3html/test-view/v3-html-test-view.ftl"): Found
2020-02-17 15:44:33,526 DEBUG [main] cache:44 - Loading template for "v3html/test-view/v3-html-test-view.ftl"("en", UTF-8, parsed) from "jar:file:/C:/Windows/system32/config/systemprofile/.m2/repository/com/aventstack/extentreports/4.0.9/extentreports-4.0.9.jar!/com/aventstack/extentreports/view/v3html/test-view/v3-html-test-view.ftl"
2020-02-17 15:44:33,552 DEBUG [main] cache:44 - Couldn't find template in cache for "v3html/test-view/v3-html-test-view-charts.ftl"("en", UTF-8, parsed); will try to load it.
2020-02-17 15:44:33,557 DEBUG [main] cache:44 - TemplateLoader.findTemplateSource("v3html/test-view/v3-html-test-view-charts_en.ftl"): Not found
2020-02-17 15:44:33,558 DEBUG [main] cache:44 - TemplateLoader.findTemplateSource("v3html/test-view/v3-html-test-view-charts.ftl"): Found
2020-02-17 15:44:33,559 DEBUG [main] cache:44 - Loading template for "v3html/test-view/v3-html-test-view-charts.ftl"("en", UTF-8, parsed) from "jar:file:/C:/Windows/system32/config/systemprofile/.m2/repository/com/aventstack/extentreports/4.0.9/extentreports-4.0.9.jar!/com/aventstack/extentreports/view/v3html/test-view/v3-html-test-view-charts.ftl"
2020-02-17 15:44:33,594 DEBUG [main] cache:44 - Couldn't find template in cache for "v3html/test-view/v3-html-standard.ftl"("en", UTF-8, parsed); will try to load it.
2020-02-17 15:44:33,597 DEBUG [main] cache:44 - TemplateLoader.findTemplateSource("v3html/test-view/v3-html-standard_en.ftl"): Not found
2020-02-17 15:44:33,600 DEBUG [main] cache:44 - TemplateLoader.findTemplateSource("v3html/test-view/v3-html-standard.ftl"): Found
2020-02-17 15:44:33,601 DEBUG [main] cache:44 - Loading template for "v3html/test-view/v3-html-standard.ftl"("en", UTF-8, parsed) from "jar:file:/C:/Windows/system32/config/systemprofile/.m2/repository/com/aventstack/extentreports/4.0.9/extentreports-4.0.9.jar!/com/aventstack/extentreports/view/v3html/test-view/v3-html-standard.ftl"
2020-02-17 15:44:33,629 DEBUG [main] cache:44 - "v3html/test-view/v3-html-standard.ftl"("en", UTF-8, parsed) cached copy not yet stale; using cached.
2020-02-17 15:44:33,633 DEBUG [main] cache:44 - Couldn't find template in cache for "v3html/category-view/v3-html-category-view.ftl"("en", UTF-8, parsed); will try to load it.
2020-02-17 15:44:33,635 DEBUG [main] cache:44 - TemplateLoader.findTemplateSource("v3html/category-view/v3-html-category-view_en.ftl"): Not found
2020-02-17 15:44:33,638 DEBUG [main] cache:44 - TemplateLoader.findTemplateSource("v3html/category-view/v3-html-category-view.ftl"): Found
2020-02-17 15:44:33,640 DEBUG [main] cache:44 - Loading template for "v3html/category-view/v3-html-category-view.ftl"("en", UTF-8, parsed) from "jar:file:/C:/Windows/system32/config/systemprofile/.m2/repository/com/aventstack/extentreports/4.0.9/extentreports-4.0.9.jar!/com/aventstack/extentreports/view/v3html/category-view/v3-html-category-view.ftl"
2020-02-17 15:44:33,650 DEBUG [main] cache:44 - Couldn't find template in cache for "v3html/exception-view/v3-html-exception-view.ftl"("en", UTF-8, parsed); will try to load it.
2020-02-17 15:44:33,653 DEBUG [main] cache:44 - TemplateLoader.findTemplateSource("v3html/exception-view/v3-html-exception-view_en.ftl"): Not found
2020-02-17 15:44:33,656 DEBUG [main] cache:44 - TemplateLoader.findTemplateSource("v3html/exception-view/v3-html-exception-view.ftl"): Found
2020-02-17 15:44:33,659 DEBUG [main] cache:44 - Loading template for "v3html/exception-view/v3-html-exception-view.ftl"("en", UTF-8, parsed) from "jar:file:/C:/Windows/system32/config/systemprofile/.m2/repository/com/aventstack/extentreports/4.0.9/extentreports-4.0.9.jar!/com/aventstack/extentreports/view/v3html/exception-view/v3-html-exception-view.ftl"
2020-02-17 15:44:33,669 DEBUG [main] cache:44 - Couldn't find template in cache for "v3html/author-view/v3-html-author-view.ftl"("en", UTF-8, parsed); will try to load it.
2020-02-17 15:44:33,671 DEBUG [main] cache:44 - TemplateLoader.findTemplateSource("v3html/author-view/v3-html-author-view_en.ftl"): Not found
2020-02-17 15:44:33,674 DEBUG [main] cache:44 - TemplateLoader.findTemplateSource("v3html/author-view/v3-html-author-view.ftl"): Found
2020-02-17 15:44:33,674 DEBUG [main] cache:44 - Loading template for "v3html/author-view/v3-html-author-view.ftl"("en", UTF-8, parsed) from "jar:file:/C:/Windows/system32/config/systemprofile/.m2/repository/com/aventstack/extentreports/4.0.9/extentreports-4.0.9.jar!/com/aventstack/extentreports/view/v3html/author-view/v3-html-author-view.ftl"
2020-02-17 15:44:33,682 DEBUG [main] cache:44 - Couldn't find template in cache for "v3html/dashboard-view/v3-html-dashboard-view.ftl"("en", UTF-8, parsed); will try to load it.
2020-02-17 15:44:33,683 DEBUG [main] cache:44 - TemplateLoader.findTemplateSource("v3html/dashboard-view/v3-html-dashboard-view_en.ftl"): Not found
2020-02-17 15:44:33,685 DEBUG [main] cache:44 - TemplateLoader.findTemplateSource("v3html/dashboard-view/v3-html-dashboard-view.ftl"): Found
2020-02-17 15:44:33,685 DEBUG [main] cache:44 - Loading template for "v3html/dashboard-view/v3-html-dashboard-view.ftl"("en", UTF-8, parsed) from "jar:file:/C:/Windows/system32/config/systemprofile/.m2/repository/com/aventstack/extentreports/4.0.9/extentreports-4.0.9.jar!/com/aventstack/extentreports/view/v3html/dashboard-view/v3-html-dashboard-view.ftl"
2020-02-17 15:44:33,702 DEBUG [main] cache:44 - Couldn't find template in cache for "v3html/logs-view/v3-html-testrunner-logs-view.ftl"("en", UTF-8, parsed); will try to load it.
2020-02-17 15:44:33,703 DEBUG [main] cache:44 - TemplateLoader.findTemplateSource("v3html/logs-view/v3-html-testrunner-logs-view_en.ftl"): Not found
2020-02-17 15:44:33,704 DEBUG [main] cache:44 - TemplateLoader.findTemplateSource("v3html/logs-view/v3-html-testrunner-logs-view.ftl"): Found
2020-02-17 15:44:33,705 DEBUG [main] cache:44 - Loading template for "v3html/logs-view/v3-html-testrunner-logs-view.ftl"("en", UTF-8, parsed) from "jar:file:/C:/Windows/system32/config/systemprofile/.m2/repository/com/aventstack/extentreports/4.0.9/extentreports-4.0.9.jar!/com/aventstack/extentreports/view/v3html/logs-view/v3-html-testrunner-logs-view.ftl"
